E:\automatica\automaticaMasterAn1\msic\ecommerce\Ecommerce_proiect_an4_sem1\Ecommerce_proiect_an4_sem1\obj\Debug\netcoreapp2.2\Razor\Areas\Identity\Pages\Account\AccessDenied.cshtml.g.cs
ExecuteAsync 48
ExecuteAsync -1

E:\automatica\automaticaMasterAn1\msic\ecommerce\Ecommerce_proiect_an4_sem1\Ecommerce_proiect_an4_sem1\obj\Debug\netcoreapp2.2\Razor\Areas\Identity\Pages\Account\ConfirmEmail.cshtml.g.cs
ExecuteAsync 11
ExecuteAsync -1

E:\automatica\automaticaMasterAn1\msic\ecommerce\Ecommerce_proiect_an4_sem1\Ecommerce_proiect_an4_sem1\obj\Debug\netcoreapp2.2\Razor\Areas\Identity\Pages\Account\ExternalLogin.cshtml.g.cs
ExecuteAsync 9
ExecuteAsync -1

E:\automatica\automaticaMasterAn1\msic\ecommerce\Ecommerce_proiect_an4_sem1\Ecommerce_proiect_an4_sem1\obj\Debug\netcoreapp2.2\Razor\Areas\Identity\Pages\Account\ForgotPassword.cshtml.g.cs
ExecuteAsync 10
ExecuteAsync -1

E:\automatica\automaticaMasterAn1\msic\ecommerce\Ecommerce_proiect_an4_sem1\Ecommerce_proiect_an4_sem1\obj\Debug\netcoreapp2.2\Razor\Areas\Identity\Pages\Account\ForgotPasswordConfirmation.cshtml.g.cs
ExecuteAsync 8
ExecuteAsync -1

E:\automatica\automaticaMasterAn1\msic\ecommerce\Ecommerce_proiect_an4_sem1\Ecommerce_proiect_an4_sem1\obj\Debug\netcoreapp2.2\Razor\Areas\Identity\Pages\Account\Lockout.cshtml.g.cs
ExecuteAsync 36
ExecuteAsync -1

E:\automatica\automaticaMasterAn1\msic\ecommerce\Ecommerce_proiect_an4_sem1\Ecommerce_proiect_an4_sem1\obj\Debug\netcoreapp2.2\Razor\Areas\Identity\Pages\Account\Login.cshtml.g.cs
ExecuteAsync 11
ExecuteAsync -1

E:\automatica\automaticaMasterAn1\msic\ecommerce\Ecommerce_proiect_an4_sem1\Ecommerce_proiect_an4_sem1\obj\Debug\netcoreapp2.2\Razor\Areas\Identity\Pages\Account\LoginWith2fa.cshtml.g.cs
ExecuteAsync 33
ExecuteAsync -1

E:\automatica\automaticaMasterAn1\msic\ecommerce\Ecommerce_proiect_an4_sem1\Ecommerce_proiect_an4_sem1\obj\Debug\netcoreapp2.2\Razor\Areas\Identity\Pages\Account\LoginWithRecoveryCode.cshtml.g.cs
ExecuteAsync 11
ExecuteAsync -1

E:\automatica\automaticaMasterAn1\msic\ecommerce\Ecommerce_proiect_an4_sem1\Ecommerce_proiect_an4_sem1\obj\Debug\netcoreapp2.2\Razor\Areas\Identity\Pages\Account\Logout.cshtml.g.cs
ExecuteAsync 12
ExecuteAsync -1

E:\automatica\automaticaMasterAn1\msic\ecommerce\Ecommerce_proiect_an4_sem1\Ecommerce_proiect_an4_sem1\obj\Debug\netcoreapp2.2\Razor\Areas\Identity\Pages\Account\Manage\ChangePassword.cshtml.g.cs
ExecuteAsync 7
ExecuteAsync -1

E:\automatica\automaticaMasterAn1\msic\ecommerce\Ecommerce_proiect_an4_sem1\Ecommerce_proiect_an4_sem1\obj\Debug\netcoreapp2.2\Razor\Areas\Identity\Pages\Account\Manage\DeletePersonalData.cshtml.g.cs
ExecuteAsync 6
ExecuteAsync -1

E:\automatica\automaticaMasterAn1\msic\ecommerce\Ecommerce_proiect_an4_sem1\Ecommerce_proiect_an4_sem1\obj\Debug\netcoreapp2.2\Razor\Areas\Identity\Pages\Account\Manage\Disable2fa.cshtml.g.cs
ExecuteAsync 6
ExecuteAsync -1

E:\automatica\automaticaMasterAn1\msic\ecommerce\Ecommerce_proiect_an4_sem1\Ecommerce_proiect_an4_sem1\obj\Debug\netcoreapp2.2\Razor\Areas\Identity\Pages\Account\Manage\DownloadPersonalData.cshtml.g.cs
ExecuteAsync 6
ExecuteAsync -1

E:\automatica\automaticaMasterAn1\msic\ecommerce\Ecommerce_proiect_an4_sem1\Ecommerce_proiect_an4_sem1\obj\Debug\netcoreapp2.2\Razor\Areas\Identity\Pages\Account\Manage\EnableAuthenticator.cshtml.g.cs
ExecuteAsync 7
ExecuteAsync -1

E:\automatica\automaticaMasterAn1\msic\ecommerce\Ecommerce_proiect_an4_sem1\Ecommerce_proiect_an4_sem1\obj\Debug\netcoreapp2.2\Razor\Areas\Identity\Pages\Account\Manage\ExternalLogins.cshtml.g.cs
ExecuteAsync 6
ExecuteAsync -1

E:\automatica\automaticaMasterAn1\msic\ecommerce\Ecommerce_proiect_an4_sem1\Ecommerce_proiect_an4_sem1\obj\Debug\netcoreapp2.2\Razor\Areas\Identity\Pages\Account\Manage\GenerateRecoveryCodes.cshtml.g.cs
ExecuteAsync 7
ExecuteAsync -1

E:\automatica\automaticaMasterAn1\msic\ecommerce\Ecommerce_proiect_an4_sem1\Ecommerce_proiect_an4_sem1\obj\Debug\netcoreapp2.2\Razor\Areas\Identity\Pages\Account\Manage\Index.cshtml.g.cs
ExecuteAsync 6
ExecuteAsync -1

E:\automatica\automaticaMasterAn1\msic\ecommerce\Ecommerce_proiect_an4_sem1\Ecommerce_proiect_an4_sem1\obj\Debug\netcoreapp2.2\Razor\Areas\Identity\Pages\Account\Manage\PersonalData.cshtml.g.cs
ExecuteAsync 10
ExecuteAsync -1

E:\automatica\automaticaMasterAn1\msic\ecommerce\Ecommerce_proiect_an4_sem1\Ecommerce_proiect_an4_sem1\obj\Debug\netcoreapp2.2\Razor\Areas\Identity\Pages\Account\Manage\ResetAuthenticator.cshtml.g.cs
ExecuteAsync 7
ExecuteAsync -1

E:\automatica\automaticaMasterAn1\msic\ecommerce\Ecommerce_proiect_an4_sem1\Ecommerce_proiect_an4_sem1\obj\Debug\netcoreapp2.2\Razor\Areas\Identity\Pages\Account\Manage\SetPassword.cshtml.g.cs
ExecuteAsync 7
ExecuteAsync -1

E:\automatica\automaticaMasterAn1\msic\ecommerce\Ecommerce_proiect_an4_sem1\Ecommerce_proiect_an4_sem1\obj\Debug\netcoreapp2.2\Razor\Areas\Identity\Pages\Account\Manage\TwoFactorAuthentication.cshtml.g.cs
ExecuteAsync 11
ExecuteAsync -1

E:\automatica\automaticaMasterAn1\msic\ecommerce\Ecommerce_proiect_an4_sem1\Ecommerce_proiect_an4_sem1\obj\Debug\netcoreapp2.2\Razor\Areas\Identity\Pages\Account\Manage\_Layout.cshtml.g.cs
ExecuteAsync 6
ExecuteAsync -1

E:\automatica\automaticaMasterAn1\msic\ecommerce\Ecommerce_proiect_an4_sem1\Ecommerce_proiect_an4_sem1\obj\Debug\netcoreapp2.2\Razor\Areas\Identity\Pages\Account\Manage\_ManageNav.cshtml.g.cs
ExecuteAsync 8
ExecuteAsync -1

E:\automatica\automaticaMasterAn1\msic\ecommerce\Ecommerce_proiect_an4_sem1\Ecommerce_proiect_an4_sem1\obj\Debug\netcoreapp2.2\Razor\Areas\Identity\Pages\Account\Manage\_StatusMessage.cshtml.g.cs
ExecuteAsync 8
ExecuteAsync -1

E:\automatica\automaticaMasterAn1\msic\ecommerce\Ecommerce_proiect_an4_sem1\Ecommerce_proiect_an4_sem1\obj\Debug\netcoreapp2.2\Razor\Areas\Identity\Pages\Account\Manage\_ViewImports.cshtml.g.cs
ExecuteAsync 6
ExecuteAsync -1

E:\automatica\automaticaMasterAn1\msic\ecommerce\Ecommerce_proiect_an4_sem1\Ecommerce_proiect_an4_sem1\obj\Debug\netcoreapp2.2\Razor\Areas\Identity\Pages\Account\Register.cshtml.g.cs
ExecuteAsync 6
ExecuteAsync -1

E:\automatica\automaticaMasterAn1\msic\ecommerce\Ecommerce_proiect_an4_sem1\Ecommerce_proiect_an4_sem1\obj\Debug\netcoreapp2.2\Razor\Areas\Identity\Pages\Account\ResetPassword.cshtml.g.cs
ExecuteAsync 14
ExecuteAsync -1

E:\automatica\automaticaMasterAn1\msic\ecommerce\Ecommerce_proiect_an4_sem1\Ecommerce_proiect_an4_sem1\obj\Debug\netcoreapp2.2\Razor\Areas\Identity\Pages\Account\ResetPasswordConfirmation.cshtml.g.cs
ExecuteAsync 7
ExecuteAsync -1

E:\automatica\automaticaMasterAn1\msic\ecommerce\Ecommerce_proiect_an4_sem1\Ecommerce_proiect_an4_sem1\obj\Debug\netcoreapp2.2\Razor\Areas\Identity\Pages\Account\_ViewImports.cshtml.g.cs
ExecuteAsync 6
ExecuteAsync -1

E:\automatica\automaticaMasterAn1\msic\ecommerce\Ecommerce_proiect_an4_sem1\Ecommerce_proiect_an4_sem1\obj\Debug\netcoreapp2.2\Razor\Areas\Identity\Pages\Error.cshtml.g.cs
ExecuteAsync 16
ExecuteAsync -1

E:\automatica\automaticaMasterAn1\msic\ecommerce\Ecommerce_proiect_an4_sem1\Ecommerce_proiect_an4_sem1\obj\Debug\netcoreapp2.2\Razor\Areas\Identity\Pages\_ValidationScriptsPartial.cshtml.g.cs
ExecuteAsync 10
ExecuteAsync -1

E:\automatica\automaticaMasterAn1\msic\ecommerce\Ecommerce_proiect_an4_sem1\Ecommerce_proiect_an4_sem1\obj\Debug\netcoreapp2.2\Razor\Areas\Identity\Pages\_ViewImports.cshtml.g.cs
ExecuteAsync 7
ExecuteAsync -1

E:\automatica\automaticaMasterAn1\msic\ecommerce\Ecommerce_proiect_an4_sem1\Ecommerce_proiect_an4_sem1\obj\Debug\netcoreapp2.2\Razor\Areas\Identity\Pages\_ViewStart.cshtml.g.cs
ExecuteAsync 6
ExecuteAsync -1

E:\automatica\automaticaMasterAn1\msic\ecommerce\Ecommerce_proiect_an4_sem1\Ecommerce_proiect_an4_sem1\obj\Debug\netcoreapp2.2\Razor\Views\Categories\Create.cshtml.g.cs
ExecuteAsync 34
ExecuteAsync -1

E:\automatica\automaticaMasterAn1\msic\ecommerce\Ecommerce_proiect_an4_sem1\Ecommerce_proiect_an4_sem1\obj\Debug\netcoreapp2.2\Razor\Views\Categories\Delete.cshtml.g.cs
ExecuteAsync 11
ExecuteAsync -1

E:\automatica\automaticaMasterAn1\msic\ecommerce\Ecommerce_proiect_an4_sem1\Ecommerce_proiect_an4_sem1\obj\Debug\netcoreapp2.2\Razor\Views\Categories\Details.cshtml.g.cs
ExecuteAsync 7
ExecuteAsync -1

E:\automatica\automaticaMasterAn1\msic\ecommerce\Ecommerce_proiect_an4_sem1\Ecommerce_proiect_an4_sem1\obj\Debug\netcoreapp2.2\Razor\Views\Categories\Edit.cshtml.g.cs
ExecuteAsync 23
ExecuteAsync -1

E:\automatica\automaticaMasterAn1\msic\ecommerce\Ecommerce_proiect_an4_sem1\Ecommerce_proiect_an4_sem1\obj\Debug\netcoreapp2.2\Razor\Views\Categories\Index.cshtml.g.cs
ExecuteAsync 8
ExecuteAsync -1

E:\automatica\automaticaMasterAn1\msic\ecommerce\Ecommerce_proiect_an4_sem1\Ecommerce_proiect_an4_sem1\obj\Debug\netcoreapp2.2\Razor\Views\Home\Index.cshtml.g.cs
ExecuteAsync 8
ExecuteAsync -1

E:\automatica\automaticaMasterAn1\msic\ecommerce\Ecommerce_proiect_an4_sem1\Ecommerce_proiect_an4_sem1\obj\Debug\netcoreapp2.2\Razor\Views\Home\Privacy.cshtml.g.cs
ExecuteAsync 31
ExecuteAsync -1

E:\automatica\automaticaMasterAn1\msic\ecommerce\Ecommerce_proiect_an4_sem1\Ecommerce_proiect_an4_sem1\obj\Debug\netcoreapp2.2\Razor\Views\Orders\Create.cshtml.g.cs
ExecuteAsync 8
ExecuteAsync -1

E:\automatica\automaticaMasterAn1\msic\ecommerce\Ecommerce_proiect_an4_sem1\Ecommerce_proiect_an4_sem1\obj\Debug\netcoreapp2.2\Razor\Views\Orders\Delete.cshtml.g.cs
ExecuteAsync 8
ExecuteAsync -1

E:\automatica\automaticaMasterAn1\msic\ecommerce\Ecommerce_proiect_an4_sem1\Ecommerce_proiect_an4_sem1\obj\Debug\netcoreapp2.2\Razor\Views\Orders\Details.cshtml.g.cs
ExecuteAsync 7
ExecuteAsync -1

E:\automatica\automaticaMasterAn1\msic\ecommerce\Ecommerce_proiect_an4_sem1\Ecommerce_proiect_an4_sem1\obj\Debug\netcoreapp2.2\Razor\Views\Orders\Edit.cshtml.g.cs
ExecuteAsync 85
ExecuteAsync -1

E:\automatica\automaticaMasterAn1\msic\ecommerce\Ecommerce_proiect_an4_sem1\Ecommerce_proiect_an4_sem1\obj\Debug\netcoreapp2.2\Razor\Views\Orders\Index.cshtml.g.cs
ExecuteAsync 6
ExecuteAsync -1

E:\automatica\automaticaMasterAn1\msic\ecommerce\Ecommerce_proiect_an4_sem1\Ecommerce_proiect_an4_sem1\obj\Debug\netcoreapp2.2\Razor\Views\Orders\IndexBasket.cshtml.g.cs
ExecuteAsync 7
ExecuteAsync -1

E:\automatica\automaticaMasterAn1\msic\ecommerce\Ecommerce_proiect_an4_sem1\Ecommerce_proiect_an4_sem1\obj\Debug\netcoreapp2.2\Razor\Views\ProductCategories\Create.cshtml.g.cs
ExecuteAsync 6
ExecuteAsync -1

E:\automatica\automaticaMasterAn1\msic\ecommerce\Ecommerce_proiect_an4_sem1\Ecommerce_proiect_an4_sem1\obj\Debug\netcoreapp2.2\Razor\Views\ProductCategories\Delete.cshtml.g.cs
ExecuteAsync 6
ExecuteAsync -1

E:\automatica\automaticaMasterAn1\msic\ecommerce\Ecommerce_proiect_an4_sem1\Ecommerce_proiect_an4_sem1\obj\Debug\netcoreapp2.2\Razor\Views\ProductCategories\Details.cshtml.g.cs
ExecuteAsync 7
ExecuteAsync -1

E:\automatica\automaticaMasterAn1\msic\ecommerce\Ecommerce_proiect_an4_sem1\Ecommerce_proiect_an4_sem1\obj\Debug\netcoreapp2.2\Razor\Views\ProductCategories\Edit.cshtml.g.cs
ExecuteAsync 6
ExecuteAsync -1

E:\automatica\automaticaMasterAn1\msic\ecommerce\Ecommerce_proiect_an4_sem1\Ecommerce_proiect_an4_sem1\obj\Debug\netcoreapp2.2\Razor\Views\ProductCategories\Index.cshtml.g.cs
ExecuteAsync 30
ExecuteAsync -1

E:\automatica\automaticaMasterAn1\msic\ecommerce\Ecommerce_proiect_an4_sem1\Ecommerce_proiect_an4_sem1\obj\Debug\netcoreapp2.2\Razor\Views\ProductOrders\Create.cshtml.g.cs
ExecuteAsync 6
ExecuteAsync -1

E:\automatica\automaticaMasterAn1\msic\ecommerce\Ecommerce_proiect_an4_sem1\Ecommerce_proiect_an4_sem1\obj\Debug\netcoreapp2.2\Razor\Views\ProductOrders\Delete.cshtml.g.cs
ExecuteAsync 6
ExecuteAsync -1

E:\automatica\automaticaMasterAn1\msic\ecommerce\Ecommerce_proiect_an4_sem1\Ecommerce_proiect_an4_sem1\obj\Debug\netcoreapp2.2\Razor\Views\ProductOrders\Details.cshtml.g.cs
ExecuteAsync 11
ExecuteAsync -1

E:\automatica\automaticaMasterAn1\msic\ecommerce\Ecommerce_proiect_an4_sem1\Ecommerce_proiect_an4_sem1\obj\Debug\netcoreapp2.2\Razor\Views\ProductOrders\Edit.cshtml.g.cs
ExecuteAsync 7
ExecuteAsync -1

E:\automatica\automaticaMasterAn1\msic\ecommerce\Ecommerce_proiect_an4_sem1\Ecommerce_proiect_an4_sem1\obj\Debug\netcoreapp2.2\Razor\Views\ProductOrders\Index.cshtml.g.cs
ExecuteAsync 7
ExecuteAsync -1

E:\automatica\automaticaMasterAn1\msic\ecommerce\Ecommerce_proiect_an4_sem1\Ecommerce_proiect_an4_sem1\obj\Debug\netcoreapp2.2\Razor\Views\Products\Create.cshtml.g.cs
ExecuteAsync 13
ExecuteAsync -1

E:\automatica\automaticaMasterAn1\msic\ecommerce\Ecommerce_proiect_an4_sem1\Ecommerce_proiect_an4_sem1\obj\Debug\netcoreapp2.2\Razor\Views\Products\Delete.cshtml.g.cs
ExecuteAsync 7
ExecuteAsync -1

E:\automatica\automaticaMasterAn1\msic\ecommerce\Ecommerce_proiect_an4_sem1\Ecommerce_proiect_an4_sem1\obj\Debug\netcoreapp2.2\Razor\Views\Products\Details.cshtml.g.cs
ExecuteAsync 8
ExecuteAsync -1

E:\automatica\automaticaMasterAn1\msic\ecommerce\Ecommerce_proiect_an4_sem1\Ecommerce_proiect_an4_sem1\obj\Debug\netcoreapp2.2\Razor\Views\Products\Edit.cshtml.g.cs
ExecuteAsync 15
ExecuteAsync -1

E:\automatica\automaticaMasterAn1\msic\ecommerce\Ecommerce_proiect_an4_sem1\Ecommerce_proiect_an4_sem1\obj\Debug\netcoreapp2.2\Razor\Views\Products\Index.cshtml.g.cs
ExecuteAsync 6
ExecuteAsync -1

E:\automatica\automaticaMasterAn1\msic\ecommerce\Ecommerce_proiect_an4_sem1\Ecommerce_proiect_an4_sem1\obj\Debug\netcoreapp2.2\Razor\Views\Products\IndexSales.cshtml.g.cs
ExecuteAsync 7
ExecuteAsync -1

E:\automatica\automaticaMasterAn1\msic\ecommerce\Ecommerce_proiect_an4_sem1\Ecommerce_proiect_an4_sem1\obj\Debug\netcoreapp2.2\Razor\Views\Roles\Create.cshtml.g.cs
ExecuteAsync 23
ExecuteAsync -1

E:\automatica\automaticaMasterAn1\msic\ecommerce\Ecommerce_proiect_an4_sem1\Ecommerce_proiect_an4_sem1\obj\Debug\netcoreapp2.2\Razor\Views\Roles\Delete.cshtml.g.cs
ExecuteAsync 6
ExecuteAsync -1

E:\automatica\automaticaMasterAn1\msic\ecommerce\Ecommerce_proiect_an4_sem1\Ecommerce_proiect_an4_sem1\obj\Debug\netcoreapp2.2\Razor\Views\Roles\Details.cshtml.g.cs
ExecuteAsync 6
ExecuteAsync -1

E:\automatica\automaticaMasterAn1\msic\ecommerce\Ecommerce_proiect_an4_sem1\Ecommerce_proiect_an4_sem1\obj\Debug\netcoreapp2.2\Razor\Views\Roles\Edit.cshtml.g.cs
ExecuteAsync 6
ExecuteAsync -1

E:\automatica\automaticaMasterAn1\msic\ecommerce\Ecommerce_proiect_an4_sem1\Ecommerce_proiect_an4_sem1\obj\Debug\netcoreapp2.2\Razor\Views\Roles\Index.cshtml.g.cs
ExecuteAsync 6
ExecuteAsync -1

E:\automatica\automaticaMasterAn1\msic\ecommerce\Ecommerce_proiect_an4_sem1\Ecommerce_proiect_an4_sem1\obj\Debug\netcoreapp2.2\Razor\Views\Shared\Error.cshtml.g.cs
ExecuteAsync 6
ExecuteAsync -1

E:\automatica\automaticaMasterAn1\msic\ecommerce\Ecommerce_proiect_an4_sem1\Ecommerce_proiect_an4_sem1\obj\Debug\netcoreapp2.2\Razor\Views\Shared\_CookieConsentPartial.cshtml.g.cs
ExecuteAsync 7
ExecuteAsync -1

E:\automatica\automaticaMasterAn1\msic\ecommerce\Ecommerce_proiect_an4_sem1\Ecommerce_proiect_an4_sem1\obj\Debug\netcoreapp2.2\Razor\Views\Shared\_Layout.cshtml.g.cs
ExecuteAsync 46
ExecuteAsync -1

E:\automatica\automaticaMasterAn1\msic\ecommerce\Ecommerce_proiect_an4_sem1\Ecommerce_proiect_an4_sem1\obj\Debug\netcoreapp2.2\Razor\Views\Shared\_LayoutNotLogedIn.cshtml.g.cs
ExecuteAsync 7
ExecuteAsync -1

E:\automatica\automaticaMasterAn1\msic\ecommerce\Ecommerce_proiect_an4_sem1\Ecommerce_proiect_an4_sem1\obj\Debug\netcoreapp2.2\Razor\Views\Shared\_LayoutUser.cshtml.g.cs
ExecuteAsync 7
ExecuteAsync -1

E:\automatica\automaticaMasterAn1\msic\ecommerce\Ecommerce_proiect_an4_sem1\Ecommerce_proiect_an4_sem1\obj\Debug\netcoreapp2.2\Razor\Views\Shared\_LoginPartial.cshtml.g.cs
ExecuteAsync 6
ExecuteAsync -1

E:\automatica\automaticaMasterAn1\msic\ecommerce\Ecommerce_proiect_an4_sem1\Ecommerce_proiect_an4_sem1\obj\Debug\netcoreapp2.2\Razor\Views\Shared\_ValidationScriptsPartial.cshtml.g.cs
ExecuteAsync 9
ExecuteAsync -1

E:\automatica\automaticaMasterAn1\msic\ecommerce\Ecommerce_proiect_an4_sem1\Ecommerce_proiect_an4_sem1\obj\Debug\netcoreapp2.2\Razor\Views\StockEntries\Create.cshtml.g.cs
ExecuteAsync 32
ExecuteAsync -1

E:\automatica\automaticaMasterAn1\msic\ecommerce\Ecommerce_proiect_an4_sem1\Ecommerce_proiect_an4_sem1\obj\Debug\netcoreapp2.2\Razor\Views\StockEntries\Delete.cshtml.g.cs
ExecuteAsync 7
ExecuteAsync -1

E:\automatica\automaticaMasterAn1\msic\ecommerce\Ecommerce_proiect_an4_sem1\Ecommerce_proiect_an4_sem1\obj\Debug\netcoreapp2.2\Razor\Views\StockEntries\Details.cshtml.g.cs
ExecuteAsync 6
ExecuteAsync -1

E:\automatica\automaticaMasterAn1\msic\ecommerce\Ecommerce_proiect_an4_sem1\Ecommerce_proiect_an4_sem1\obj\Debug\netcoreapp2.2\Razor\Views\StockEntries\Edit.cshtml.g.cs
ExecuteAsync 6
ExecuteAsync -1

E:\automatica\automaticaMasterAn1\msic\ecommerce\Ecommerce_proiect_an4_sem1\Ecommerce_proiect_an4_sem1\obj\Debug\netcoreapp2.2\Razor\Views\StockEntries\Index.cshtml.g.cs
ExecuteAsync 8
ExecuteAsync -1

E:\automatica\automaticaMasterAn1\msic\ecommerce\Ecommerce_proiect_an4_sem1\Ecommerce_proiect_an4_sem1\obj\Debug\netcoreapp2.2\Razor\Views\Users\Create.cshtml.g.cs
ExecuteAsync 9
ExecuteAsync -1

E:\automatica\automaticaMasterAn1\msic\ecommerce\Ecommerce_proiect_an4_sem1\Ecommerce_proiect_an4_sem1\obj\Debug\netcoreapp2.2\Razor\Views\Users\Delete.cshtml.g.cs
ExecuteAsync 10
ExecuteAsync -1

E:\automatica\automaticaMasterAn1\msic\ecommerce\Ecommerce_proiect_an4_sem1\Ecommerce_proiect_an4_sem1\obj\Debug\netcoreapp2.2\Razor\Views\Users\Details.cshtml.g.cs
ExecuteAsync 6
ExecuteAsync -1

E:\automatica\automaticaMasterAn1\msic\ecommerce\Ecommerce_proiect_an4_sem1\Ecommerce_proiect_an4_sem1\obj\Debug\netcoreapp2.2\Razor\Views\Users\Edit.cshtml.g.cs
ExecuteAsync 7
ExecuteAsync -1

E:\automatica\automaticaMasterAn1\msic\ecommerce\Ecommerce_proiect_an4_sem1\Ecommerce_proiect_an4_sem1\obj\Debug\netcoreapp2.2\Razor\Views\Users\Index.cshtml.g.cs
ExecuteAsync 6
ExecuteAsync -1

E:\automatica\automaticaMasterAn1\msic\ecommerce\Ecommerce_proiect_an4_sem1\Ecommerce_proiect_an4_sem1\obj\Debug\netcoreapp2.2\Razor\Views\_ViewImports.cshtml.g.cs
ExecuteAsync 24
ExecuteAsync -1

E:\automatica\automaticaMasterAn1\msic\ecommerce\Ecommerce_proiect_an4_sem1\Ecommerce_proiect_an4_sem1\obj\Debug\netcoreapp2.2\Razor\Views\_ViewStart.cshtml.g.cs
ExecuteAsync 7
ExecuteAsync -1

E:\automatica\automaticaMasterAn1\msic\ecommerce\Ecommerce_proiect_an4_sem1\Ecommerce_proiect_an4_sem1\obj\Debug\netcoreapp2.2\Ecommerce_proiect_an4_sem1.RazorTargetAssemblyInfo.cs

